Performing C++ SOURCE FILE Test CMAKE_HAVE_LIBC_PTHREAD failed with the following output:
Change Dir: /home/eric/thesis/MaskedPangenie/build/CMakeFiles/CMakeTmp

Run Build Command(s):/usr/bin/gmake cmTC_ed168/fast && /usr/bin/gmake  -f CMakeFiles/cmTC_ed168.dir/build.make CMakeFiles/cmTC_ed168.dir/build
gmake[1]: Entering directory '/home/eric/thesis/MaskedPangenie/build/CMakeFiles/CMakeTmp'
Building CXX object CMakeFiles/cmTC_ed168.dir/src.cxx.o
/home/eric/anaconda3/envs/pangenie/bin/x86_64-conda-linux-gnu-c++ -DCMAKE_HAVE_LIBC_PTHREAD  -fvisibility-inlines-hidden -fmessage-length=0 -march=nocona -mtune=haswell -ftree-vectorize -fPIC -fstack-protector-strong -fno-plt -O2 -ffunction-sections -pipe -isystem /home/eric/anaconda3/envs/pangenie/include  -std=gnu++17 -o CMakeFiles/cmTC_ed168.dir/src.cxx.o -c /home/eric/thesis/MaskedPangenie/build/CMakeFiles/CMakeTmp/src.cxx
Linking CXX executable cmTC_ed168
/home/eric/anaconda3/envs/pangenie/bin/cmake -E cmake_link_script CMakeFiles/cmTC_ed168.dir/link.txt --verbose=1
/home/eric/anaconda3/envs/pangenie/bin/x86_64-conda-linux-gnu-c++ -fvisibility-inlines-hidden -fmessage-length=0 -march=nocona -mtune=haswell -ftree-vectorize -fPIC -fstack-protector-strong -fno-plt -O2 -ffunction-sections -pipe -isystem /home/eric/anaconda3/envs/pangenie/include  -Wl,-O2 -Wl,--sort-common -Wl,--as-needed -Wl,-z,relro -Wl,-z,now -Wl,--disable-new-dtags -Wl,--gc-sections -Wl,-rpath,/home/eric/anaconda3/envs/pangenie/lib -Wl,-rpath-link,/home/eric/anaconda3/envs/pangenie/lib -L/home/eric/anaconda3/envs/pangenie/lib  CMakeFiles/cmTC_ed168.dir/src.cxx.o -o cmTC_ed168 
/home/eric/anaconda3/envs/pangenie/bin/../lib/gcc/x86_64-conda-linux-gnu/11.2.0/../../../../x86_64-conda-linux-gnu/bin/ld: CMakeFiles/cmTC_ed168.dir/src.cxx.o: in function `main':
src.cxx:(.text.startup.main+0x24): undefined reference to `pthread_create'
/home/eric/anaconda3/envs/pangenie/bin/../lib/gcc/x86_64-conda-linux-gnu/11.2.0/../../../../x86_64-conda-linux-gnu/bin/ld: src.cxx:(.text.startup.main+0x2e): undefined reference to `pthread_detach'
/home/eric/anaconda3/envs/pangenie/bin/../lib/gcc/x86_64-conda-linux-gnu/11.2.0/../../../../x86_64-conda-linux-gnu/bin/ld: src.cxx:(.text.startup.main+0x38): undefined reference to `pthread_cancel'
/home/eric/anaconda3/envs/pangenie/bin/../lib/gcc/x86_64-conda-linux-gnu/11.2.0/../../../../x86_64-conda-linux-gnu/bin/ld: src.cxx:(.text.startup.main+0x44): undefined reference to `pthread_join'
/home/eric/anaconda3/envs/pangenie/bin/../lib/gcc/x86_64-conda-linux-gnu/11.2.0/../../../../x86_64-conda-linux-gnu/bin/ld: src.cxx:(.text.startup.main+0x50): undefined reference to `pthread_atfork'
collect2: error: ld returned 1 exit status
gmake[1]: *** [CMakeFiles/cmTC_ed168.dir/build.make:106: cmTC_ed168] Error 1
gmake[1]: Leaving directory '/home/eric/thesis/MaskedPangenie/build/CMakeFiles/CMakeTmp'
gmake: *** [Makefile:140: cmTC_ed168/fast] Error 2


Source file was:
#include <pthread.h>

static void* test_func(void* data)
{
  return data;
}

int main(void)
{
  pthread_t thread;
  pthread_create(&thread, NULL, test_func, NULL);
  pthread_detach(thread);
  pthread_cancel(thread);
  pthread_join(thread, NULL);
  pthread_atfork(NULL, NULL, NULL);
  pthread_exit(NULL);

  return 0;
}

Determining if the function pthread_create exists in the pthreads failed with the following output:
Change Dir: /home/eric/thesis/MaskedPangenie/build/CMakeFiles/CMakeTmp

Run Build Command(s):/usr/bin/gmake cmTC_a2626/fast && /usr/bin/gmake  -f CMakeFiles/cmTC_a2626.dir/build.make CMakeFiles/cmTC_a2626.dir/build
gmake[1]: Entering directory '/home/eric/thesis/MaskedPangenie/build/CMakeFiles/CMakeTmp'
Building CXX object CMakeFiles/cmTC_a2626.dir/CheckFunctionExists.cxx.o
/home/eric/anaconda3/envs/pangenie/bin/x86_64-conda-linux-gnu-c++   -fvisibility-inlines-hidden -fmessage-length=0 -march=nocona -mtune=haswell -ftree-vectorize -fPIC -fstack-protector-strong -fno-plt -O2 -ffunction-sections -pipe -isystem /home/eric/anaconda3/envs/pangenie/include -DCHECK_FUNCTION_EXISTS=pthread_create -std=gnu++17 -o CMakeFiles/cmTC_a2626.dir/CheckFunctionExists.cxx.o -c /home/eric/thesis/MaskedPangenie/build/CMakeFiles/CheckLibraryExists/CheckFunctionExists.cxx
Linking CXX executable cmTC_a2626
/home/eric/anaconda3/envs/pangenie/bin/cmake -E cmake_link_script CMakeFiles/cmTC_a2626.dir/link.txt --verbose=1
/home/eric/anaconda3/envs/pangenie/bin/x86_64-conda-linux-gnu-c++ -fvisibility-inlines-hidden -fmessage-length=0 -march=nocona -mtune=haswell -ftree-vectorize -fPIC -fstack-protector-strong -fno-plt -O2 -ffunction-sections -pipe -isystem /home/eric/anaconda3/envs/pangenie/include -DCHECK_FUNCTION_EXISTS=pthread_create -Wl,-O2 -Wl,--sort-common -Wl,--as-needed -Wl,-z,relro -Wl,-z,now -Wl,--disable-new-dtags -Wl,--gc-sections -Wl,-rpath,/home/eric/anaconda3/envs/pangenie/lib -Wl,-rpath-link,/home/eric/anaconda3/envs/pangenie/lib -L/home/eric/anaconda3/envs/pangenie/lib  CMakeFiles/cmTC_a2626.dir/CheckFunctionExists.cxx.o -o cmTC_a2626  -lpthreads 
/home/eric/anaconda3/envs/pangenie/bin/../lib/gcc/x86_64-conda-linux-gnu/11.2.0/../../../../x86_64-conda-linux-gnu/bin/ld: cannot find -lpthreads
collect2: error: ld returned 1 exit status
gmake[1]: *** [CMakeFiles/cmTC_a2626.dir/build.make:106: cmTC_a2626] Error 1
gmake[1]: Leaving directory '/home/eric/thesis/MaskedPangenie/build/CMakeFiles/CMakeTmp'
gmake: *** [Makefile:140: cmTC_a2626/fast] Error 2



